Using pre-set license
Built from '2022.3/release' branch; Version is '2022.3.20f1 (61c2feb0970d) revision 6406910'; Using compiler version '192829333'; Build Type 'Release'
OS: 'Windows 10  (10.0.19045) 64bit Core' Language: 'ko' Physical Memory: 32551 MB
BatchMode: 1, IsHumanControllingUs: 0, StartBugReporterOnCrash: 0, Is64bit: 1, IsPro: 1

COMMAND LINE ARGUMENTS:
C:\Program Files\2022.3.20f1\Editor\Unity.exe
-adb2
-batchMode
-noUpm
-name
AssetImportWorker0
-projectPath
C:/Users/augap/Desktop/_pro_uni/GE_Unity_Pf/My project
-logFile
Logs/AssetImportWorker0.log
-srvPort
11323
Successfully changed project path to: C:/Users/augap/Desktop/_pro_uni/GE_Unity_Pf/My project
C:/Users/augap/Desktop/_pro_uni/GE_Unity_Pf/My project
[UnityMemory] Configuration Parameters - Can be set up in boot.config
    "memorysetup-bucket-allocator-granularity=16"
    "memorysetup-bucket-allocator-bucket-count=8"
    "memorysetup-bucket-allocator-block-size=33554432"
    "memorysetup-bucket-allocator-block-count=8"
    "memorysetup-main-allocator-block-size=16777216"
    "memorysetup-thread-allocator-block-size=16777216"
    "memorysetup-gfx-main-allocator-block-size=16777216"
    "memorysetup-gfx-thread-allocator-block-size=16777216"
    "memorysetup-cache-allocator-block-size=4194304"
    "memorysetup-typetree-allocator-block-size=2097152"
    "memorysetup-profiler-bucket-allocator-granularity=16"
    "memorysetup-profiler-bucket-allocator-bucket-count=8"
    "memorysetup-profiler-bucket-allocator-block-size=33554432"
    "memorysetup-profiler-bucket-allocator-block-count=8"
    "memorysetup-profiler-allocator-block-size=16777216"
    "memorysetup-profiler-editor-allocator-block-size=1048576"
    "memorysetup-temp-allocator-size-main=16777216"
    "memorysetup-job-temp-allocator-block-size=2097152"
    "memorysetup-job-temp-allocator-block-size-background=1048576"
    "memorysetup-job-temp-allocator-reduction-small-platforms=262144"
    "memorysetup-allocator-temp-initial-block-size-main=262144"
    "memorysetup-allocator-temp-initial-block-size-worker=262144"
    "memorysetup-temp-allocator-size-background-worker=32768"
    "memorysetup-temp-allocator-size-job-worker=262144"
    "memorysetup-temp-allocator-size-preload-manager=33554432"
    "memorysetup-temp-allocator-size-nav-mesh-worker=65536"
    "memorysetup-temp-allocator-size-audio-worker=65536"
    "memorysetup-temp-allocator-size-cloud-worker=32768"
    "memorysetup-temp-allocator-size-gi-baking-worker=262144"
    "memorysetup-temp-allocator-size-gfx=262144"
Player connection [33008] Host "[IP] 222.96.242.147 [Port] 0 [Flags] 2 [Guid] 1594684587 [EditorId] 1594684587 [Version] 1048832 [Id] WindowsEditor(7,DESKTOP-N8R7USH) [Debug] 1 [PackageName] WindowsEditor [ProjectName] Editor" joined multi-casting on [225.0.0.222:54997]...

Player connection [33008] Host "[IP] 222.96.242.147 [Port] 0 [Flags] 2 [Guid] 1594684587 [EditorId] 1594684587 [Version] 1048832 [Id] WindowsEditor(7,DESKTOP-N8R7USH) [Debug] 1 [PackageName] WindowsEditor [ProjectName] Editor" joined alternative multi-casting on [225.0.0.222:34997]...

[Physics::Module] Initialized MultithreadedJobDispatcher with 19 workers.
Refreshing native plugins compatible for Editor in 62.99 ms, found 3 plugins.
Preloading 0 native plugins for Editor in 0.00 ms.
Initialize engine version: 2022.3.20f1 (61c2feb0970d)
[Subsystems] Discovering subsystems at path C:/Program Files/2022.3.20f1/Editor/Data/Resources/UnitySubsystems
[Subsystems] Discovering subsystems at path C:/Users/augap/Desktop/_pro_uni/GE_Unity_Pf/My project/Assets
GfxDevice: creating device client; threaded=0; jobified=0
Direct3D:
    Version:  Direct3D 11.0 [level 11.1]
    Renderer: NVIDIA GeForce RTX 4060 Ti (ID=0x2803)
    Vendor:   NVIDIA
    VRAM:     7949 MB
    Driver:   32.0.15.6094
Initialize mono
Mono path[0] = 'C:/Program Files/2022.3.20f1/Editor/Data/Managed'
Mono path[1] = 'C:/Program Files/2022.3.20f1/Editor/Data/MonoBleedingEdge/lib/mono/unityjit-win32'
Mono config path = 'C:/Program Files/2022.3.20f1/Editor/Data/MonoBleedingEdge/etc'
Using monoOptions --debugger-agent=transport=dt_socket,embedding=1,server=y,suspend=n,address=127.0.0.1:56016
Begin MonoManager ReloadAssembly
Registering precompiled unity dll's ...
Register platform support module: C:/Program Files/2022.3.20f1/Editor/Data/PlaybackEngines/WindowsStandaloneSupport/UnityEditor.WindowsStandalone.Extensions.dll
Registered in 0.011661 seconds.
- Loaded All Assemblies, in  1.367 seconds
Native extension for WindowsStandalone target not found
Mono: successfully reloaded assembly
- Finished resetting the current domain, in  0.335 seconds
Domain Reload Profiling: 1699ms
	BeginReloadAssembly (214ms)
		ExecutionOrderSort (0ms)
		DisableScriptedObjects (0ms)
		BackupInstance (0ms)
		ReleaseScriptingObjects (0ms)
		CreateAndSetChildDomain (1ms)
	RebuildCommonClasses (312ms)
	RebuildNativeTypeToScriptingClass (12ms)
	initialDomainReloadingComplete (77ms)
	LoadAllAssembliesAndSetupDomain (749ms)
		LoadAssemblies (210ms)
		RebuildTransferFunctionScriptingTraits (0ms)
		AnalyzeDomain (746ms)
			TypeCache.Refresh (744ms)
				TypeCache.ScanAssembly (544ms)
			ScanForSourceGeneratedMonoScriptInfo (0ms)
			ResolveRequiredComponents (1ms)
	FinalizeReload (335ms)
		ReleaseScriptCaches (0ms)
		RebuildScriptCaches (0ms)
		SetupLoadedEditorAssemblies (271ms)
			LogAssemblyErrors (0ms)
			InitializePlatformSupportModulesInManaged (12ms)
			SetLoadedEditorAssemblies (9ms)
			RefreshPlugins (0ms)
			BeforeProcessingInitializeOnLoad (2ms)
			ProcessInitializeOnLoadAttributes (176ms)
			ProcessInitializeOnLoadMethodAttributes (71ms)
			AfterProcessingInitializeOnLoad (0ms)
			EditorAssembliesLoaded (0ms)
		ExecutionOrderSort2 (0ms)
		AwakeInstancesAfterBackupRestoration (0ms)
========================================================================
Worker process is ready to serve import requests
Begin MonoManager ReloadAssembly
- Loaded All Assemblies, in  4.046 seconds
Refreshing native plugins compatible for Editor in 6.03 ms, found 3 plugins.
Native extension for WindowsStandalone target not found
Package Manager log level set to [2]
[Package Manager] Server::EnsureServerProcessIsRunning -- launch failed, reason: Unity was launched with the -noUpm command-line argument
[Package Manager] UpmClient::Send -- Unable to send message (not connected to UPM process).
[Package Manager] Cannot connect to Unity Package Manager local server
Mono: successfully reloaded assembly
- Finished resetting the current domain, in  0.764 seconds
Domain Reload Profiling: 4802ms
	BeginReloadAssembly (168ms)
		ExecutionOrderSort (0ms)
		DisableScriptedObjects (6ms)
		BackupInstance (0ms)
		ReleaseScriptingObjects (0ms)
		CreateAndSetChildDomain (20ms)
	RebuildCommonClasses (37ms)
	RebuildNativeTypeToScriptingClass (12ms)
	initialDomainReloadingComplete (54ms)
	LoadAllAssembliesAndSetupDomain (3766ms)
		LoadAssemblies (3378ms)
		RebuildTransferFunctionScriptingTraits (0ms)
		AnalyzeDomain (489ms)
			TypeCache.Refresh (465ms)
				TypeCache.ScanAssembly (421ms)
			ScanForSourceGeneratedMonoScriptInfo (17ms)
			ResolveRequiredComponents (6ms)
	FinalizeReload (765ms)
		ReleaseScriptCaches (0ms)
		RebuildScriptCaches (0ms)
		SetupLoadedEditorAssemblies (584ms)
			LogAssemblyErrors (0ms)
			InitializePlatformSupportModulesInManaged (8ms)
			SetLoadedEditorAssemblies (5ms)
			RefreshPlugins (0ms)
			BeforeProcessingInitializeOnLoad (74ms)
			ProcessInitializeOnLoadAttributes (461ms)
			ProcessInitializeOnLoadMethodAttributes (24ms)
			AfterProcessingInitializeOnLoad (13ms)
			EditorAssembliesLoaded (0ms)
		ExecutionOrderSort2 (0ms)
		AwakeInstancesAfterBackupRestoration (20ms)
Failed to load shader (instanceID 416, GUID dd89cf5b9246416f84610a006f916af7)
Failed to load shader (instanceID 418, GUID 14eb328de4b8eb245bb7cea29e4ac00b)
Failed to load shader (instanceID 420, GUID 68e6db2ebdc24f95958faec2be5558d6)
Failed to load shader (instanceID 422, GUID bc1ede39bf3643ee8e493720e4259791)
Failed to load shader (instanceID 412, GUID fe393ace9b354375a9cb14cdbbc28be4)
Failed to load shader (instanceID 414, GUID cf81c85f95fe47e1a27f6ae460cf182c)
Failed to load shader (instanceID 424, GUID 48bb5f55d8670e349b6e614913f9d910)
Failed to load shader (instanceID 426, GUID 85187c2149c549c5b33f0cdb02836b17)
Failed to load shader (instanceID 428, GUID 128e987d567d4e2c824d754223b3f3b0)
Failed to load shader (instanceID 436, GUID f7ada0af4f174f0694ca6a487b8f543d)
Failed to load shader (instanceID 432, GUID a02a7d8c237544f1962732b55a9aebf1)
Failed to load shader (instanceID 434, GUID c8d12adcee749c344b8117cf7c7eb912)
Failed to load shader (instanceID 430, GUID 1e3b057af24249748ff873be7fafee47)
Launched and connected shader compiler UnityShaderCompiler.exe after 0.07 seconds
Refreshing native plugins compatible for Editor in 6.88 ms, found 3 plugins.
Preloading 0 native plugins for Editor in 0.00 ms.
Unloading 3211 Unused Serialized files (Serialized files now loaded: 0)
Unloading 32 unused Assets / (57.3 KB). Loaded Objects now: 3673.
Memory consumption went from 125.6 MB to 125.6 MB.
Total: 3.085600 ms (FindLiveObjects: 0.380100 ms CreateObjectMapping: 0.089400 ms MarkObjects: 2.509900 ms  DeleteObjects: 0.104900 ms)

AssetImportParameters requested are different than current active one (requested -> active):
  custom:container-demuxer-ogg: 62fdf1f143b41e24485cea50d1cbac27 -> 
  custom:video-decoder-ogg-theora: a1e56fd34408186e4bbccfd4996cb3dc -> 
  custom:framework-win-MediaFoundation: 216162199b28c13a410421893ffa2e32 -> 
  custom:CustomObjectIndexerAttribute: 6d391050e5a25f67b0a2c618074f2cd9 -> 
  custom:container-demuxer-webm: 4f35f7cbe854078d1ac9338744f61a02 -> 
  custom:container-muxer-webm: aa71ff27fc2769a1b78a27578f13a17b -> 
  custom:video-decoder-webm-vp8: 9c59270c3fd7afecdb556c50c9e8de78 -> 
  custom:SearchIndexIgnoredProperties: e643bd26f0fe6173181afceb89e7c659 -> 
  custom:AudioImporter_EditorPlatform: d09bf68614088b80899f8185d706f6e7 -> 
  custom:video-encoder-webm-vp8: eb34c28f22e8b96e1ab97ce403110664 -> 
  custom:audio-decoder-ogg-vorbis: bf7c407c2cedff20999df2af8eb42d56 -> 
  custom:audio-encoder-webm-vorbis: bf7c407c2cedff20999df2af8eb42d56 -> 
========================================================================
Received Import Request.
  Time since last request: 2648705.054477 seconds.
  path: Assets/NueGames/NueDeck/Scripts/Card
  artifactKey: Guid(995f428f9fa94bd592321249e10e23a8) Importer(815301076,1909f56bfc062723c751e8b465ee728b)
Start importing Assets/NueGames/NueDeck/Scripts/Card using Guid(995f428f9fa94bd592321249e10e23a8) Importer(815301076,1909f56bfc062723c751e8b465ee728b)  -> (artifact id: 'ed6efecf3736b02166f83be272c80675') in 0.002668 seconds
Number of updated asset objects reloaded before import = 0
Number of asset objects unloaded after import = 0
========================================================================
Received Import Request.
  Time since last request: 13111.242998 seconds.
  path: Assets/NueGames/NueDeck/Scripts/Data
  artifactKey: Guid(dd89f88d91bb47a598642fe967ee148a) Importer(815301076,1909f56bfc062723c751e8b465ee728b)
Start importing Assets/NueGames/NueDeck/Scripts/Data using Guid(dd89f88d91bb47a598642fe967ee148a) Importer(815301076,1909f56bfc062723c751e8b465ee728b)  -> (artifact id: '41b649a81d15b0c46b0a3e2ab8a85b68') in 0.007822 seconds
Number of updated asset objects reloaded before import = 0
Number of asset objects unloaded after import = 0
========================================================================
Received Import Request.
  Time since last request: 129.780548 seconds.
  path: Assets/NueGames/NueDeck/Scripts/Enums/FxType.cs
  artifactKey: Guid(6d50acb5c30f45e186a5f2bde3cc2842) Importer(815301076,1909f56bfc062723c751e8b465ee728b)
Start importing Assets/NueGames/NueDeck/Scripts/Enums/FxType.cs using Guid(6d50acb5c30f45e186a5f2bde3cc2842) Importer(815301076,1909f56bfc062723c751e8b465ee728b)  -> (artifact id: '30e235458709cfebce5fde5200a33436') in 0.001805 seconds
Number of updated asset objects reloaded before import = 0
Number of asset objects unloaded after import = 0
========================================================================
Received Import Request.
  Time since last request: 0.619208 seconds.
  path: Assets/NueGames/NueDeck/Scripts/Enums/EnemyIntentionType.cs
  artifactKey: Guid(81b500b3e73a4224a8abe6fc65bc83d6) Importer(815301076,1909f56bfc062723c751e8b465ee728b)
Start importing Assets/NueGames/NueDeck/Scripts/Enums/EnemyIntentionType.cs using Guid(81b500b3e73a4224a8abe6fc65bc83d6) Importer(815301076,1909f56bfc062723c751e8b465ee728b)  -> (artifact id: '995b8ab4bcf09a843795626dc315c967') in 0.002196 seconds
Number of updated asset objects reloaded before import = 0
Number of asset objects unloaded after import = 0
========================================================================
Received Import Request.
  Time since last request: 0.234500 seconds.
  path: Assets/NueGames/NueDeck/Scripts/Enums/EnemyActionType.cs
  artifactKey: Guid(33c50bbf6848429fb8b2ea1a2770d9ba) Importer(815301076,1909f56bfc062723c751e8b465ee728b)
Start importing Assets/NueGames/NueDeck/Scripts/Enums/EnemyActionType.cs using Guid(33c50bbf6848429fb8b2ea1a2770d9ba) Importer(815301076,1909f56bfc062723c751e8b465ee728b)  -> (artifact id: 'e1b2c8a1a8d7df30639fb7a601fb45b7') in 0.001327 seconds
Number of updated asset objects reloaded before import = 0
Number of asset objects unloaded after import = 0
========================================================================
Received Import Request.
  Time since last request: 0.029019 seconds.
  path: Assets/NueGames/NueDeck/Scripts/Enums/EncounterButtonStatus.cs
  artifactKey: Guid(34adce40a60540478dbbab1f92bcea38) Importer(815301076,1909f56bfc062723c751e8b465ee728b)
Start importing Assets/NueGames/NueDeck/Scripts/Enums/EncounterButtonStatus.cs using Guid(34adce40a60540478dbbab1f92bcea38) Importer(815301076,1909f56bfc062723c751e8b465ee728b)  -> (artifact id: '83c283bbaba8d338410e46af2e528a4d') in 0.000829 seconds
Number of updated asset objects reloaded before import = 0
Number of asset objects unloaded after import = 0
========================================================================
Received Import Request.
  Time since last request: 0.036337 seconds.
  path: Assets/NueGames/NueDeck/Scripts/Enums/CombatStateType.cs
  artifactKey: Guid(a8292164e38e43e59b69c470fc9cdd87) Importer(815301076,1909f56bfc062723c751e8b465ee728b)
Start importing Assets/NueGames/NueDeck/Scripts/Enums/CombatStateType.cs using Guid(a8292164e38e43e59b69c470fc9cdd87) Importer(815301076,1909f56bfc062723c751e8b465ee728b)  -> (artifact id: '6f00cdf66dd061f6a73212d86a9b1a57') in 0.000730 seconds
Number of updated asset objects reloaded before import = 0
Number of asset objects unloaded after import = 0
========================================================================
Received Import Request.
  Time since last request: 0.030077 seconds.
  path: Assets/NueGames/NueDeck/Scripts/Enums/CharacterType.cs
  artifactKey: Guid(9fe20a04a142475fae48923ef244c576) Importer(815301076,1909f56bfc062723c751e8b465ee728b)
Start importing Assets/NueGames/NueDeck/Scripts/Enums/CharacterType.cs using Guid(9fe20a04a142475fae48923ef244c576) Importer(815301076,1909f56bfc062723c751e8b465ee728b)  -> (artifact id: 'f6c1484cf1244e1ab08bc615c9376296') in 0.001008 seconds
Number of updated asset objects reloaded before import = 0
Number of asset objects unloaded after import = 0
========================================================================
Received Import Request.
  Time since last request: 0.025946 seconds.
  path: Assets/NueGames/NueDeck/Scripts/Enums/CardActionType.cs
  artifactKey: Guid(1a3284569dab4314a2f0d8257e6b8bb3) Importer(815301076,1909f56bfc062723c751e8b465ee728b)
Start importing Assets/NueGames/NueDeck/Scripts/Enums/CardActionType.cs using Guid(1a3284569dab4314a2f0d8257e6b8bb3) Importer(815301076,1909f56bfc062723c751e8b465ee728b)  -> (artifact id: 'a79e134adc52bfa619f720a78c6b9bd9') in 0.000583 seconds
Number of updated asset objects reloaded before import = 0
Number of asset objects unloaded after import = 0
========================================================================
Received Import Request.
  Time since last request: 0.029952 seconds.
  path: Assets/NueGames/NueDeck/Scripts/Enums/BackgroundTypes.cs
  artifactKey: Guid(f9c527fd98c94704a58bc7aee0edfe52) Importer(815301076,1909f56bfc062723c751e8b465ee728b)
Start importing Assets/NueGames/NueDeck/Scripts/Enums/BackgroundTypes.cs using Guid(f9c527fd98c94704a58bc7aee0edfe52) Importer(815301076,1909f56bfc062723c751e8b465ee728b)  -> (artifact id: 'df9bad0ac7438622844643a30d308106') in 0.000664 seconds
Number of updated asset objects reloaded before import = 0
Number of asset objects unloaded after import = 0
========================================================================
Received Import Request.
  Time since last request: 0.030222 seconds.
  path: Assets/NueGames/NueDeck/Scripts/Enums/AudioActionType.cs
  artifactKey: Guid(26c68b8bdc4043cd88501f67718c07c6) Importer(815301076,1909f56bfc062723c751e8b465ee728b)
Start importing Assets/NueGames/NueDeck/Scripts/Enums/AudioActionType.cs using Guid(26c68b8bdc4043cd88501f67718c07c6) Importer(815301076,1909f56bfc062723c751e8b465ee728b)  -> (artifact id: '588d83a28731991f817cabde671dda4f') in 0.000660 seconds
Number of updated asset objects reloaded before import = 0
Number of asset objects unloaded after import = 0
========================================================================
Received Import Request.
  Time since last request: 0.029042 seconds.
  path: Assets/NueGames/NueDeck/Scripts/Enums/ActionTargetType.cs
  artifactKey: Guid(90cad7aeea90483a86d509bf0fa3b378) Importer(815301076,1909f56bfc062723c751e8b465ee728b)
Start importing Assets/NueGames/NueDeck/Scripts/Enums/ActionTargetType.cs using Guid(90cad7aeea90483a86d509bf0fa3b378) Importer(815301076,1909f56bfc062723c751e8b465ee728b)  -> (artifact id: '29dcafdaf78290e9efea53e4ac398351') in 0.000650 seconds
Number of updated asset objects reloaded before import = 0
Number of asset objects unloaded after import = 0
========================================================================
Received Import Request.
  Time since last request: 0.873595 seconds.
  path: Assets/NueGames/NueDeck/Scripts/Enums/InventoryTypes.cs
  artifactKey: Guid(0ee0b67a303342cbada1ed0c8f7b781e) Importer(815301076,1909f56bfc062723c751e8b465ee728b)
Start importing Assets/NueGames/NueDeck/Scripts/Enums/InventoryTypes.cs using Guid(0ee0b67a303342cbada1ed0c8f7b781e) Importer(815301076,1909f56bfc062723c751e8b465ee728b)  -> (artifact id: '6b1289bc699b66d0c87b589e9ab4cb07') in 0.000812 seconds
Number of updated asset objects reloaded before import = 0
Number of asset objects unloaded after import = 0
========================================================================
Received Import Request.
  Time since last request: 0.026158 seconds.
  path: Assets/NueGames/NueDeck/Scripts/Enums/RarityType.cs
  artifactKey: Guid(a1442dd0ede9485db7a663567dceb721) Importer(815301076,1909f56bfc062723c751e8b465ee728b)
Start importing Assets/NueGames/NueDeck/Scripts/Enums/RarityType.cs using Guid(a1442dd0ede9485db7a663567dceb721) Importer(815301076,1909f56bfc062723c751e8b465ee728b)  -> (artifact id: 'a1c7a1d5f29271e7accee0615711ee12') in 0.000774 seconds
Number of updated asset objects reloaded before import = 0
Number of asset objects unloaded after import = 0
========================================================================
Received Import Request.
  Time since last request: 0.044295 seconds.
  path: Assets/NueGames/NueDeck/Scripts/Enums/RewardType.cs
  artifactKey: Guid(66ed90e6836c48caa897a8efd1782f22) Importer(815301076,1909f56bfc062723c751e8b465ee728b)
Start importing Assets/NueGames/NueDeck/Scripts/Enums/RewardType.cs using Guid(66ed90e6836c48caa897a8efd1782f22) Importer(815301076,1909f56bfc062723c751e8b465ee728b)  -> (artifact id: '3c88da5394b57fc0165e8109affdeecf') in 0.000549 seconds
Number of updated asset objects reloaded before import = 0
Number of asset objects unloaded after import = 0
========================================================================
Received Import Request.
  Time since last request: 0.031523 seconds.
  path: Assets/NueGames/NueDeck/Scripts/Enums/SpecialKeywords.cs
  artifactKey: Guid(ccd1d104b1ce4ca68ed0b292662e42ed) Importer(815301076,1909f56bfc062723c751e8b465ee728b)
Start importing Assets/NueGames/NueDeck/Scripts/Enums/SpecialKeywords.cs using Guid(ccd1d104b1ce4ca68ed0b292662e42ed) Importer(815301076,1909f56bfc062723c751e8b465ee728b)  -> (artifact id: 'ba569309002a5001e56f69f0fe4c65aa') in 0.000589 seconds
Number of updated asset objects reloaded before import = 0
Number of asset objects unloaded after import = 0
========================================================================
Received Import Request.
  Time since last request: 0.026691 seconds.
  path: Assets/NueGames/NueDeck/Scripts/Enums/StatusType.cs
  artifactKey: Guid(aba00b2dc9a244e9b9b33212605c8b70) Importer(815301076,1909f56bfc062723c751e8b465ee728b)
Start importing Assets/NueGames/NueDeck/Scripts/Enums/StatusType.cs using Guid(aba00b2dc9a244e9b9b33212605c8b70) Importer(815301076,1909f56bfc062723c751e8b465ee728b)  -> (artifact id: '08212fc33da86990e7b5e2602077d7c3') in 0.000562 seconds
Number of updated asset objects reloaded before import = 0
Number of asset objects unloaded after import = 0
========================================================================
Received Prepare
Begin MonoManager ReloadAssembly
- Loaded All Assemblies, in  0.768 seconds
Refreshing native plugins compatible for Editor in 6.16 ms, found 3 plugins.
Native extension for WindowsStandalone target not found
[Package Manager] Server::EnsureServerProcessIsRunning -- launch failed, reason: Unity was launched with the -noUpm command-line argument
[Package Manager] UpmClient::Send -- Unable to send message (not connected to UPM process).
[Package Manager] Cannot connect to Unity Package Manager local server
Mono: successfully reloaded assembly
- Finished resetting the current domain, in  1.248 seconds
Domain Reload Profiling: 2010ms
	BeginReloadAssembly (271ms)
		ExecutionOrderSort (0ms)
		DisableScriptedObjects (7ms)
		BackupInstance (0ms)
		ReleaseScriptingObjects (0ms)
		CreateAndSetChildDomain (62ms)
	RebuildCommonClasses (36ms)
	RebuildNativeTypeToScriptingClass (12ms)
	initialDomainReloadingComplete (44ms)
	LoadAllAssembliesAndSetupDomain (399ms)
		LoadAssemblies (507ms)
		RebuildTransferFunctionScriptingTraits (0ms)
		AnalyzeDomain (30ms)
			TypeCache.Refresh (13ms)
				TypeCache.ScanAssembly (2ms)
			ScanForSourceGeneratedMonoScriptInfo (9ms)
			ResolveRequiredComponents (6ms)
	FinalizeReload (1248ms)
		ReleaseScriptCaches (0ms)
		RebuildScriptCaches (0ms)
		SetupLoadedEditorAssemblies (515ms)
			LogAssemblyErrors (0ms)
			InitializePlatformSupportModulesInManaged (8ms)
			SetLoadedEditorAssemblies (5ms)
			RefreshPlugins (0ms)
			BeforeProcessingInitializeOnLoad (73ms)
			ProcessInitializeOnLoadAttributes (391ms)
			ProcessInitializeOnLoadMethodAttributes (24ms)
			AfterProcessingInitializeOnLoad (14ms)
			EditorAssembliesLoaded (0ms)
		ExecutionOrderSort2 (0ms)
		AwakeInstancesAfterBackupRestoration (19ms)
Failed to load shader (instanceID 416, GUID dd89cf5b9246416f84610a006f916af7)
Failed to load shader (instanceID 418, GUID 14eb328de4b8eb245bb7cea29e4ac00b)
Failed to load shader (instanceID 420, GUID 68e6db2ebdc24f95958faec2be5558d6)
Failed to load shader (instanceID 422, GUID bc1ede39bf3643ee8e493720e4259791)
Failed to load shader (instanceID 412, GUID fe393ace9b354375a9cb14cdbbc28be4)
Failed to load shader (instanceID 414, GUID cf81c85f95fe47e1a27f6ae460cf182c)
Failed to load shader (instanceID 424, GUID 48bb5f55d8670e349b6e614913f9d910)
Failed to load shader (instanceID 426, GUID 85187c2149c549c5b33f0cdb02836b17)
Failed to load shader (instanceID 428, GUID 128e987d567d4e2c824d754223b3f3b0)
Failed to load shader (instanceID 436, GUID f7ada0af4f174f0694ca6a487b8f543d)
Failed to load shader (instanceID 432, GUID a02a7d8c237544f1962732b55a9aebf1)
Failed to load shader (instanceID 434, GUID c8d12adcee749c344b8117cf7c7eb912)
Failed to load shader (instanceID 430, GUID 1e3b057af24249748ff873be7fafee47)
Refreshing native plugins compatible for Editor in 5.49 ms, found 3 plugins.
Preloading 0 native plugins for Editor in 0.00 ms.
Unloading 3203 Unused Serialized files (Serialized files now loaded: 0)
Unloading 23 unused Assets / (31.1 KB). Loaded Objects now: 3676.
Memory consumption went from 126.3 MB to 126.2 MB.
Total: 3.196600 ms (FindLiveObjects: 0.396000 ms CreateObjectMapping: 0.102000 ms MarkObjects: 2.584700 ms  DeleteObjects: 0.112600 ms)

Prepare: number of updated asset objects reloaded= 0
AssetImportParameters requested are different than current active one (requested -> active):
  custom:container-demuxer-ogg: 62fdf1f143b41e24485cea50d1cbac27 -> 
  custom:video-decoder-ogg-theora: a1e56fd34408186e4bbccfd4996cb3dc -> 
  custom:framework-win-MediaFoundation: 216162199b28c13a410421893ffa2e32 -> 
  custom:CustomObjectIndexerAttribute: 6d391050e5a25f67b0a2c618074f2cd9 -> 
  custom:container-demuxer-webm: 4f35f7cbe854078d1ac9338744f61a02 -> 
  custom:container-muxer-webm: aa71ff27fc2769a1b78a27578f13a17b -> 
  custom:video-decoder-webm-vp8: 9c59270c3fd7afecdb556c50c9e8de78 -> 
  custom:SearchIndexIgnoredProperties: e643bd26f0fe6173181afceb89e7c659 -> 
  custom:AudioImporter_EditorPlatform: d09bf68614088b80899f8185d706f6e7 -> 
  custom:video-encoder-webm-vp8: eb34c28f22e8b96e1ab97ce403110664 -> 
  custom:audio-decoder-ogg-vorbis: bf7c407c2cedff20999df2af8eb42d56 -> 
  custom:audio-encoder-webm-vorbis: bf7c407c2cedff20999df2af8eb42d56 -> 
========================================================================
Received Prepare
Begin MonoManager ReloadAssembly
- Loaded All Assemblies, in  0.551 seconds
Refreshing native plugins compatible for Editor in 8.00 ms, found 3 plugins.
Native extension for WindowsStandalone target not found
[Package Manager] Server::EnsureServerProcessIsRunning -- launch failed, reason: Unity was launched with the -noUpm command-line argument
[Package Manager] UpmClient::Send -- Unable to send message (not connected to UPM process).
[Package Manager] Cannot connect to Unity Package Manager local server
Mono: successfully reloaded assembly
- Finished resetting the current domain, in  1.178 seconds
Domain Reload Profiling: 1724ms
	BeginReloadAssembly (181ms)
		ExecutionOrderSort (0ms)
		DisableScriptedObjects (5ms)
		BackupInstance (0ms)
		ReleaseScriptingObjects (0ms)
		CreateAndSetChildDomain (31ms)
	RebuildCommonClasses (35ms)
	RebuildNativeTypeToScriptingClass (12ms)
	initialDomainReloadingComplete (40ms)
	LoadAllAssembliesAndSetupDomain (277ms)
		LoadAssemblies (360ms)
		RebuildTransferFunctionScriptingTraits (0ms)
		AnalyzeDomain (26ms)
			TypeCache.Refresh (10ms)
				TypeCache.ScanAssembly (2ms)
			ScanForSourceGeneratedMonoScriptInfo (8ms)
			ResolveRequiredComponents (6ms)
	FinalizeReload (1179ms)
		ReleaseScriptCaches (0ms)
		RebuildScriptCaches (0ms)
		SetupLoadedEditorAssemblies (479ms)
			LogAssemblyErrors (0ms)
			InitializePlatformSupportModulesInManaged (8ms)
			SetLoadedEditorAssemblies (3ms)
			RefreshPlugins (0ms)
			BeforeProcessingInitializeOnLoad (68ms)
			ProcessInitializeOnLoadAttributes (364ms)
			ProcessInitializeOnLoadMethodAttributes (23ms)
			AfterProcessingInitializeOnLoad (14ms)
			EditorAssembliesLoaded (0ms)
		ExecutionOrderSort2 (0ms)
		AwakeInstancesAfterBackupRestoration (18ms)
Failed to load shader (instanceID 416, GUID dd89cf5b9246416f84610a006f916af7)
Failed to load shader (instanceID 418, GUID 14eb328de4b8eb245bb7cea29e4ac00b)
Failed to load shader (instanceID 420, GUID 68e6db2ebdc24f95958faec2be5558d6)
Failed to load shader (instanceID 422, GUID bc1ede39bf3643ee8e493720e4259791)
Failed to load shader (instanceID 412, GUID fe393ace9b354375a9cb14cdbbc28be4)
Failed to load shader (instanceID 414, GUID cf81c85f95fe47e1a27f6ae460cf182c)
Failed to load shader (instanceID 424, GUID 48bb5f55d8670e349b6e614913f9d910)
Failed to load shader (instanceID 426, GUID 85187c2149c549c5b33f0cdb02836b17)
Failed to load shader (instanceID 428, GUID 128e987d567d4e2c824d754223b3f3b0)
Failed to load shader (instanceID 436, GUID f7ada0af4f174f0694ca6a487b8f543d)
Failed to load shader (instanceID 432, GUID a02a7d8c237544f1962732b55a9aebf1)
Failed to load shader (instanceID 434, GUID c8d12adcee749c344b8117cf7c7eb912)
Failed to load shader (instanceID 430, GUID 1e3b057af24249748ff873be7fafee47)
Refreshing native plugins compatible for Editor in 6.94 ms, found 3 plugins.
Preloading 0 native plugins for Editor in 0.00 ms.
Unloading 3204 Unused Serialized files (Serialized files now loaded: 0)
Unloading 23 unused Assets / (31.1 KB). Loaded Objects now: 3679.
Memory consumption went from 128.4 MB to 128.4 MB.
Total: 3.313000 ms (FindLiveObjects: 0.409300 ms CreateObjectMapping: 0.120900 ms MarkObjects: 2.735200 ms  DeleteObjects: 0.046300 ms)

Prepare: number of updated asset objects reloaded= 0
AssetImportParameters requested are different than current active one (requested -> active):
  custom:container-demuxer-ogg: 62fdf1f143b41e24485cea50d1cbac27 -> 
  custom:video-decoder-ogg-theora: a1e56fd34408186e4bbccfd4996cb3dc -> 
  custom:framework-win-MediaFoundation: 216162199b28c13a410421893ffa2e32 -> 
  custom:CustomObjectIndexerAttribute: 6d391050e5a25f67b0a2c618074f2cd9 -> 
  custom:container-demuxer-webm: 4f35f7cbe854078d1ac9338744f61a02 -> 
  custom:container-muxer-webm: aa71ff27fc2769a1b78a27578f13a17b -> 
  custom:video-decoder-webm-vp8: 9c59270c3fd7afecdb556c50c9e8de78 -> 
  custom:SearchIndexIgnoredProperties: e643bd26f0fe6173181afceb89e7c659 -> 
  custom:AudioImporter_EditorPlatform: d09bf68614088b80899f8185d706f6e7 -> 
  custom:video-encoder-webm-vp8: eb34c28f22e8b96e1ab97ce403110664 -> 
  custom:audio-decoder-ogg-vorbis: bf7c407c2cedff20999df2af8eb42d56 -> 
  custom:audio-encoder-webm-vorbis: bf7c407c2cedff20999df2af8eb42d56 -> 
========================================================================
Received Prepare
Begin MonoManager ReloadAssembly
- Loaded All Assemblies, in  0.552 seconds
Refreshing native plugins compatible for Editor in 6.85 ms, found 3 plugins.
Native extension for WindowsStandalone target not found
[Package Manager] Server::EnsureServerProcessIsRunning -- launch failed, reason: Unity was launched with the -noUpm command-line argument
[Package Manager] UpmClient::Send -- Unable to send message (not connected to UPM process).
[Package Manager] Cannot connect to Unity Package Manager local server
Mono: successfully reloaded assembly
- Finished resetting the current domain, in  1.179 seconds
Domain Reload Profiling: 1725ms
	BeginReloadAssembly (182ms)
		ExecutionOrderSort (0ms)
		DisableScriptedObjects (5ms)
		BackupInstance (0ms)
		ReleaseScriptingObjects (0ms)
		CreateAndSetChildDomain (30ms)
	RebuildCommonClasses (35ms)
	RebuildNativeTypeToScriptingClass (12ms)
	initialDomainReloadingComplete (38ms)
	LoadAllAssembliesAndSetupDomain (279ms)
		LoadAssemblies (364ms)
		RebuildTransferFunctionScriptingTraits (0ms)
		AnalyzeDomain (25ms)
			TypeCache.Refresh (10ms)
				TypeCache.ScanAssembly (2ms)
			ScanForSourceGeneratedMonoScriptInfo (7ms)
			ResolveRequiredComponents (6ms)
	FinalizeReload (1180ms)
		ReleaseScriptCaches (0ms)
		RebuildScriptCaches (0ms)
		SetupLoadedEditorAssemblies (494ms)
			LogAssemblyErrors (0ms)
			InitializePlatformSupportModulesInManaged (8ms)
			SetLoadedEditorAssemblies (4ms)
			RefreshPlugins (0ms)
			BeforeProcessingInitializeOnLoad (73ms)
			ProcessInitializeOnLoadAttributes (372ms)
			ProcessInitializeOnLoadMethodAttributes (21ms)
			AfterProcessingInitializeOnLoad (15ms)
			EditorAssembliesLoaded (0ms)
		ExecutionOrderSort2 (0ms)
		AwakeInstancesAfterBackupRestoration (20ms)
Failed to load shader (instanceID 416, GUID dd89cf5b9246416f84610a006f916af7)
Failed to load shader (instanceID 418, GUID 14eb328de4b8eb245bb7cea29e4ac00b)
Failed to load shader (instanceID 420, GUID 68e6db2ebdc24f95958faec2be5558d6)
Failed to load shader (instanceID 422, GUID bc1ede39bf3643ee8e493720e4259791)
Failed to load shader (instanceID 412, GUID fe393ace9b354375a9cb14cdbbc28be4)
Failed to load shader (instanceID 414, GUID cf81c85f95fe47e1a27f6ae460cf182c)
Failed to load shader (instanceID 424, GUID 48bb5f55d8670e349b6e614913f9d910)
Failed to load shader (instanceID 426, GUID 85187c2149c549c5b33f0cdb02836b17)
Failed to load shader (instanceID 428, GUID 128e987d567d4e2c824d754223b3f3b0)
Failed to load shader (instanceID 436, GUID f7ada0af4f174f0694ca6a487b8f543d)
Failed to load shader (instanceID 432, GUID a02a7d8c237544f1962732b55a9aebf1)
Failed to load shader (instanceID 434, GUID c8d12adcee749c344b8117cf7c7eb912)
Failed to load shader (instanceID 430, GUID 1e3b057af24249748ff873be7fafee47)
Refreshing native plugins compatible for Editor in 6.19 ms, found 3 plugins.
Preloading 0 native plugins for Editor in 0.00 ms.
Unloading 3204 Unused Serialized files (Serialized files now loaded: 0)
Unloading 23 unused Assets / (31.1 KB). Loaded Objects now: 3682.
Memory consumption went from 130.4 MB to 130.3 MB.
Total: 3.147400 ms (FindLiveObjects: 0.384200 ms CreateObjectMapping: 0.104000 ms MarkObjects: 2.619800 ms  DeleteObjects: 0.038300 ms)

Prepare: number of updated asset objects reloaded= 0
AssetImportParameters requested are different than current active one (requested -> active):
  custom:container-demuxer-ogg: 62fdf1f143b41e24485cea50d1cbac27 -> 
  custom:video-decoder-ogg-theora: a1e56fd34408186e4bbccfd4996cb3dc -> 
  custom:framework-win-MediaFoundation: 216162199b28c13a410421893ffa2e32 -> 
  custom:CustomObjectIndexerAttribute: 6d391050e5a25f67b0a2c618074f2cd9 -> 
  custom:container-demuxer-webm: 4f35f7cbe854078d1ac9338744f61a02 -> 
  custom:container-muxer-webm: aa71ff27fc2769a1b78a27578f13a17b -> 
  custom:video-decoder-webm-vp8: 9c59270c3fd7afecdb556c50c9e8de78 -> 
  custom:SearchIndexIgnoredProperties: e643bd26f0fe6173181afceb89e7c659 -> 
  custom:AudioImporter_EditorPlatform: d09bf68614088b80899f8185d706f6e7 -> 
  custom:video-encoder-webm-vp8: eb34c28f22e8b96e1ab97ce403110664 -> 
  custom:audio-decoder-ogg-vorbis: bf7c407c2cedff20999df2af8eb42d56 -> 
  custom:audio-encoder-webm-vorbis: bf7c407c2cedff20999df2af8eb42d56 -> 
TcpMessagingSession - receive error
AssetImportWorkerClient::OnTransportError - code=10054 error=현재 연결은 원격 호스트에 의해 강제로 끊겼습니다.
